2019-11-16 21:41:16 WARN  NativeCodeLoader:62 - Unable to load native-hadoop library for your platform... using builtin-java classes where applicable
2019-11-16 21:41:17 INFO  root:26 - [ HDFS-INGESTION ] : Ingesting file file1 to /user/vihit/output
2019-11-16 21:41:18 INFO  root:26 - [ HDFS-INGESTION ] : Archiving file file1 to /home/vihit/Desktop/IngestionITTests/archive
2019-11-16 21:41:18 ERROR root:18 - [ HDFS-INGESTION ] : Error while archiving file file1 : Destination '/home/vihit/Desktop/IngestionITTests/archive/file1' already exists
2019-11-16 21:42:06 WARN  NativeCodeLoader:62 - Unable to load native-hadoop library for your platform... using builtin-java classes where applicable
2019-11-16 21:42:08 INFO  root:26 - [ HDFS-INGESTION ] : Ingesting file file1 to /user/vihit/output
2019-11-16 21:42:08 INFO  root:26 - [ HDFS-INGESTION ] : Archiving file file1 to /home/vihit/Desktop/IngestionITTests/archive
2019-11-16 22:00:24 WARN  NativeCodeLoader:62 - Unable to load native-hadoop library for your platform... using builtin-java classes where applicable
2019-11-16 22:00:26 INFO  root:26 - [ HDFS-INGESTION ] : Ingesting file file1 to /user/vihit/output
2019-11-16 22:00:27 INFO  root:26 - [ HDFS-INGESTION ] : Archiving file file1 to /home/vihit/Desktop/IngestionITTests/archive
2019-11-16 22:01:24 INFO  root:26 - [ HDFS-INGESTION ] : Ingesting file file1 to /user/vihit/output
2019-11-16 22:01:24 INFO  root:26 - [ HDFS-INGESTION ] : Archiving file file1 to /home/vihit/Desktop/IngestionITTests/archive
2019-11-16 22:01:24 INFO  root:26 - [ HDFS-INGESTION ] : Ingesting file file2 to /user/vihit/output
2019-11-16 22:01:24 INFO  root:26 - [ HDFS-INGESTION ] : Archiving file file2 to /home/vihit/Desktop/IngestionITTests/archive
2019-11-16 22:01:24 INFO  root:26 - [ HDFS-INGESTION ] : Ingesting file file3 to /user/vihit/output
2019-11-16 22:01:24 INFO  root:26 - [ HDFS-INGESTION ] : Archiving file file3 to /home/vihit/Desktop/IngestionITTests/archive
2019-11-16 22:01:24 INFO  root:26 - [ HDFS-INGESTION ] : Ingesting file file4 to /user/vihit/output
2019-11-16 22:01:24 INFO  root:26 - [ HDFS-INGESTION ] : Archiving file file4 to /home/vihit/Desktop/IngestionITTests/archive
2019-11-16 22:01:24 INFO  root:26 - [ HDFS-INGESTION ] : Ingesting file file5 to /user/vihit/output
2019-11-16 22:01:24 INFO  root:26 - [ HDFS-INGESTION ] : Archiving file file5 to /home/vihit/Desktop/IngestionITTests/archive
2019-11-16 22:02:24 INFO  root:26 - [ HDFS-INGESTION ] : Ingesting file file1 to /user/vihit/output
2019-11-16 22:02:24 INFO  root:26 - [ HDFS-INGESTION ] : Archiving file file1 to /home/vihit/Desktop/IngestionITTests/archive
2019-11-16 22:02:24 INFO  root:26 - [ HDFS-INGESTION ] : Ingesting file file2 to /user/vihit/output
2019-11-16 22:02:24 INFO  root:26 - [ HDFS-INGESTION ] : Archiving file file2 to /home/vihit/Desktop/IngestionITTests/archive
2019-11-16 22:02:24 INFO  root:26 - [ HDFS-INGESTION ] : Ingesting file file3 to /user/vihit/output
2019-11-16 22:02:25 INFO  root:26 - [ HDFS-INGESTION ] : Archiving file file3 to /home/vihit/Desktop/IngestionITTests/archive
2019-11-16 22:02:25 INFO  root:26 - [ HDFS-INGESTION ] : Ingesting file file4 to /user/vihit/output
2019-11-16 22:02:25 INFO  root:26 - [ HDFS-INGESTION ] : Archiving file file4 to /home/vihit/Desktop/IngestionITTests/archive
2019-11-16 22:02:25 INFO  root:26 - [ HDFS-INGESTION ] : Ingesting file file5 to /user/vihit/output
2019-11-16 22:02:25 INFO  root:26 - [ HDFS-INGESTION ] : Archiving file file5 to /home/vihit/Desktop/IngestionITTests/archive
2019-11-16 22:02:25 INFO  root:26 - [ HDFS-INGESTION ] : Ingesting file file6 to /user/vihit/output
2019-11-16 22:02:25 INFO  root:26 - [ HDFS-INGESTION ] : Archiving file file6 to /home/vihit/Desktop/IngestionITTests/archive
2019-11-16 22:02:25 INFO  root:26 - [ HDFS-INGESTION ] : Ingesting file file7 to /user/vihit/output
2019-11-16 22:02:25 INFO  root:26 - [ HDFS-INGESTION ] : Archiving file file7 to /home/vihit/Desktop/IngestionITTests/archive
2019-11-16 22:02:26 INFO  root:26 - [ HDFS-INGESTION ] : Ingesting file file8 to /user/vihit/output
2019-11-16 22:02:26 INFO  root:26 - [ HDFS-INGESTION ] : Archiving file file8 to /home/vihit/Desktop/IngestionITTests/archive
2019-11-16 22:02:26 INFO  root:26 - [ HDFS-INGESTION ] : Ingesting file file9 to /user/vihit/output
2019-11-16 22:02:26 INFO  root:26 - [ HDFS-INGESTION ] : Archiving file file9 to /home/vihit/Desktop/IngestionITTests/archive
2019-11-16 22:03:24 INFO  root:26 - [ HDFS-INGESTION ] : Ingesting file file1 to /user/vihit/output
2019-11-16 22:03:24 INFO  root:26 - [ HDFS-INGESTION ] : Ingesting file file11 to /user/vihit/output
2019-11-16 22:03:24 INFO  root:26 - [ HDFS-INGESTION ] : Archiving file file1 to /home/vihit/Desktop/IngestionITTests/archive
2019-11-16 22:03:24 INFO  root:26 - [ HDFS-INGESTION ] : Archiving file file11 to /home/vihit/Desktop/IngestionITTests/archive
2019-11-16 22:03:24 INFO  root:26 - [ HDFS-INGESTION ] : Ingesting file file2 to /user/vihit/output
2019-11-16 22:03:24 INFO  root:26 - [ HDFS-INGESTION ] : Ingesting file file12 to /user/vihit/output
2019-11-16 22:03:24 INFO  root:26 - [ HDFS-INGESTION ] : Archiving file file12 to /home/vihit/Desktop/IngestionITTests/archive
2019-11-16 22:03:24 INFO  root:26 - [ HDFS-INGESTION ] : Archiving file file2 to /home/vihit/Desktop/IngestionITTests/archive
2019-11-16 22:03:24 INFO  root:26 - [ HDFS-INGESTION ] : Ingesting file file3 to /user/vihit/output
2019-11-16 22:03:25 INFO  root:26 - [ HDFS-INGESTION ] : Archiving file file3 to /home/vihit/Desktop/IngestionITTests/archive
2019-11-16 22:03:25 INFO  root:26 - [ HDFS-INGESTION ] : Ingesting file file4 to /user/vihit/output
2019-11-16 22:03:25 INFO  root:26 - [ HDFS-INGESTION ] : Archiving file file4 to /home/vihit/Desktop/IngestionITTests/archive
2019-11-16 22:03:25 INFO  root:26 - [ HDFS-INGESTION ] : Ingesting file file5 to /user/vihit/output
2019-11-16 22:03:25 INFO  root:26 - [ HDFS-INGESTION ] : Archiving file file5 to /home/vihit/Desktop/IngestionITTests/archive
2019-11-16 22:03:25 INFO  root:26 - [ HDFS-INGESTION ] : Ingesting file file6 to /user/vihit/output
2019-11-16 22:03:26 INFO  root:26 - [ HDFS-INGESTION ] : Archiving file file6 to /home/vihit/Desktop/IngestionITTests/archive
2019-11-16 22:03:26 INFO  root:26 - [ HDFS-INGESTION ] : Ingesting file file7 to /user/vihit/output
2019-11-16 22:03:26 INFO  root:26 - [ HDFS-INGESTION ] : Archiving file file7 to /home/vihit/Desktop/IngestionITTests/archive
2019-11-16 22:03:26 INFO  root:26 - [ HDFS-INGESTION ] : Ingesting file file8 to /user/vihit/output
2019-11-16 22:03:26 INFO  root:26 - [ HDFS-INGESTION ] : Archiving file file8 to /home/vihit/Desktop/IngestionITTests/archive
2019-11-16 22:03:26 INFO  root:26 - [ HDFS-INGESTION ] : Ingesting file file9 to /user/vihit/output
2019-11-16 22:03:26 INFO  root:26 - [ HDFS-INGESTION ] : Archiving file file9 to /home/vihit/Desktop/IngestionITTests/archive
2019-11-16 22:03:26 INFO  root:26 - [ HDFS-INGESTION ] : Ingesting file file10 to /user/vihit/output
2019-11-16 22:03:27 INFO  root:26 - [ HDFS-INGESTION ] : Archiving file file10 to /home/vihit/Desktop/IngestionITTests/archive
2019-11-16 22:04:24 INFO  root:26 - [ HDFS-INGESTION ] : Ingesting file file1 to /user/vihit/output
2019-11-16 22:04:24 INFO  root:26 - [ HDFS-INGESTION ] : Ingesting file file11 to /user/vihit/output
2019-11-16 22:04:24 INFO  root:26 - [ HDFS-INGESTION ] : Archiving file file1 to /home/vihit/Desktop/IngestionITTests/archive
2019-11-16 22:04:24 INFO  root:26 - [ HDFS-INGESTION ] : Ingesting file file2 to /user/vihit/output
2019-11-16 22:04:24 INFO  root:26 - [ HDFS-INGESTION ] : Archiving file file2 to /home/vihit/Desktop/IngestionITTests/archive
2019-11-16 22:04:24 INFO  root:26 - [ HDFS-INGESTION ] : Ingesting file file3 to /user/vihit/output
2019-11-16 22:04:24 INFO  root:26 - [ HDFS-INGESTION ] : Archiving file file3 to /home/vihit/Desktop/IngestionITTests/archive
2019-11-16 22:04:24 INFO  root:26 - [ HDFS-INGESTION ] : Ingesting file file4 to /user/vihit/output
2019-11-16 22:04:24 INFO  root:26 - [ HDFS-INGESTION ] : Archiving file file11 to /home/vihit/Desktop/IngestionITTests/archive
2019-11-16 22:04:24 INFO  root:26 - [ HDFS-INGESTION ] : Ingesting file file12 to /user/vihit/output
2019-11-16 22:04:25 INFO  root:26 - [ HDFS-INGESTION ] : Archiving file file4 to /home/vihit/Desktop/IngestionITTests/archive
2019-11-16 22:04:25 INFO  root:26 - [ HDFS-INGESTION ] : Ingesting file file5 to /user/vihit/output
2019-11-16 22:04:25 INFO  root:26 - [ HDFS-INGESTION ] : Archiving file file12 to /home/vihit/Desktop/IngestionITTests/archive
2019-11-16 22:04:25 INFO  root:26 - [ HDFS-INGESTION ] : Archiving file file5 to /home/vihit/Desktop/IngestionITTests/archive
2019-11-16 22:04:25 INFO  root:26 - [ HDFS-INGESTION ] : Ingesting file file13 to /user/vihit/output
2019-11-16 22:04:25 INFO  root:26 - [ HDFS-INGESTION ] : Ingesting file file6 to /user/vihit/output
2019-11-16 22:04:25 INFO  root:26 - [ HDFS-INGESTION ] : Archiving file file13 to /home/vihit/Desktop/IngestionITTests/archive
2019-11-16 22:04:25 INFO  root:26 - [ HDFS-INGESTION ] : Ingesting file file14 to /user/vihit/output
2019-11-16 22:04:25 INFO  root:26 - [ HDFS-INGESTION ] : Archiving file file14 to /home/vihit/Desktop/IngestionITTests/archive
2019-11-16 22:04:25 INFO  root:26 - [ HDFS-INGESTION ] : Ingesting file file15 to /user/vihit/output
2019-11-16 22:04:25 INFO  root:26 - [ HDFS-INGESTION ] : Archiving file file6 to /home/vihit/Desktop/IngestionITTests/archive
2019-11-16 22:04:25 INFO  root:26 - [ HDFS-INGESTION ] : Ingesting file file7 to /user/vihit/output
2019-11-16 22:04:26 INFO  root:26 - [ HDFS-INGESTION ] : Archiving file file15 to /home/vihit/Desktop/IngestionITTests/archive
2019-11-16 22:04:26 INFO  root:26 - [ HDFS-INGESTION ] : Ingesting file file16 to /user/vihit/output
2019-11-16 22:04:26 INFO  root:26 - [ HDFS-INGESTION ] : Archiving file file16 to /home/vihit/Desktop/IngestionITTests/archive
2019-11-16 22:04:26 INFO  root:26 - [ HDFS-INGESTION ] : Ingesting file file17 to /user/vihit/output
2019-11-16 22:04:26 INFO  root:26 - [ HDFS-INGESTION ] : Archiving file file7 to /home/vihit/Desktop/IngestionITTests/archive
2019-11-16 22:04:26 INFO  root:26 - [ HDFS-INGESTION ] : Ingesting file file8 to /user/vihit/output
2019-11-16 22:04:26 INFO  root:26 - [ HDFS-INGESTION ] : Archiving file file17 to /home/vihit/Desktop/IngestionITTests/archive
2019-11-16 22:04:26 INFO  root:26 - [ HDFS-INGESTION ] : Ingesting file file18 to /user/vihit/output
2019-11-16 22:04:26 INFO  root:26 - [ HDFS-INGESTION ] : Archiving file file8 to /home/vihit/Desktop/IngestionITTests/archive
2019-11-16 22:04:26 INFO  root:26 - [ HDFS-INGESTION ] : Ingesting file file9 to /user/vihit/output
2019-11-16 22:04:26 INFO  root:26 - [ HDFS-INGESTION ] : Archiving file file9 to /home/vihit/Desktop/IngestionITTests/archive
2019-11-16 22:04:26 INFO  root:26 - [ HDFS-INGESTION ] : Ingesting file file10 to /user/vihit/output
2019-11-16 22:04:27 INFO  root:26 - [ HDFS-INGESTION ] : Archiving file file18 to /home/vihit/Desktop/IngestionITTests/archive
2019-11-16 22:04:27 INFO  root:26 - [ HDFS-INGESTION ] : Ingesting file file19 to /user/vihit/output
2019-11-16 22:04:27 INFO  root:26 - [ HDFS-INGESTION ] : Archiving file file19 to /home/vihit/Desktop/IngestionITTests/archive
2019-11-16 22:04:27 INFO  root:26 - [ HDFS-INGESTION ] : Ingesting file file20 to /user/vihit/output
2019-11-16 22:04:27 INFO  root:26 - [ HDFS-INGESTION ] : Archiving file file20 to /home/vihit/Desktop/IngestionITTests/archive
2019-11-16 22:04:27 INFO  root:26 - [ HDFS-INGESTION ] : Archiving file file10 to /home/vihit/Desktop/IngestionITTests/archive
2019-11-16 22:04:27 INFO  root:26 - [ HDFS-INGESTION ] : Ingesting file file21 to /user/vihit/output
2019-11-16 22:04:27 INFO  root:26 - [ HDFS-INGESTION ] : Ingesting file file31 to /user/vihit/output
2019-11-16 22:04:27 INFO  root:26 - [ HDFS-INGESTION ] : Archiving file file21 to /home/vihit/Desktop/IngestionITTests/archive
2019-11-16 22:04:27 INFO  root:26 - [ HDFS-INGESTION ] : Ingesting file file22 to /user/vihit/output
2019-11-16 22:04:27 INFO  root:26 - [ HDFS-INGESTION ] : Archiving file file22 to /home/vihit/Desktop/IngestionITTests/archive
2019-11-16 22:04:27 INFO  root:26 - [ HDFS-INGESTION ] : Ingesting file file23 to /user/vihit/output
2019-11-16 22:04:28 INFO  root:26 - [ HDFS-INGESTION ] : Archiving file file31 to /home/vihit/Desktop/IngestionITTests/archive
2019-11-16 22:04:28 INFO  root:26 - [ HDFS-INGESTION ] : Ingesting file file32 to /user/vihit/output
2019-11-16 22:04:28 INFO  root:26 - [ HDFS-INGESTION ] : Archiving file file32 to /home/vihit/Desktop/IngestionITTests/archive
2019-11-16 22:04:28 INFO  root:26 - [ HDFS-INGESTION ] : Ingesting file file33 to /user/vihit/output
2019-11-16 22:04:28 INFO  root:26 - [ HDFS-INGESTION ] : Archiving file file23 to /home/vihit/Desktop/IngestionITTests/archive
2019-11-16 22:04:28 INFO  root:26 - [ HDFS-INGESTION ] : Ingesting file file24 to /user/vihit/output
2019-11-16 22:04:28 INFO  root:26 - [ HDFS-INGESTION ] : Archiving file file33 to /home/vihit/Desktop/IngestionITTests/archive
2019-11-16 22:04:28 INFO  root:26 - [ HDFS-INGESTION ] : Ingesting file file34 to /user/vihit/output
2019-11-16 22:04:28 INFO  root:26 - [ HDFS-INGESTION ] : Archiving file file34 to /home/vihit/Desktop/IngestionITTests/archive
2019-11-16 22:04:28 INFO  root:26 - [ HDFS-INGESTION ] : Ingesting file file35 to /user/vihit/output
2019-11-16 22:04:28 INFO  root:26 - [ HDFS-INGESTION ] : Archiving file file24 to /home/vihit/Desktop/IngestionITTests/archive
2019-11-16 22:04:28 INFO  root:26 - [ HDFS-INGESTION ] : Ingesting file file25 to /user/vihit/output
2019-11-16 22:04:28 INFO  root:26 - [ HDFS-INGESTION ] : Archiving file file35 to /home/vihit/Desktop/IngestionITTests/archive
2019-11-16 22:04:28 INFO  root:26 - [ HDFS-INGESTION ] : Ingesting file file36 to /user/vihit/output
2019-11-16 22:04:29 INFO  root:26 - [ HDFS-INGESTION ] : Archiving file file25 to /home/vihit/Desktop/IngestionITTests/archive
2019-11-16 22:04:29 INFO  root:26 - [ HDFS-INGESTION ] : Archiving file file36 to /home/vihit/Desktop/IngestionITTests/archive
2019-11-16 22:04:29 INFO  root:26 - [ HDFS-INGESTION ] : Ingesting file file26 to /user/vihit/output
2019-11-16 22:04:29 INFO  root:26 - [ HDFS-INGESTION ] : Ingesting file file37 to /user/vihit/output
2019-11-16 22:04:29 INFO  root:26 - [ HDFS-INGESTION ] : Archiving file file37 to /home/vihit/Desktop/IngestionITTests/archive
2019-11-16 22:04:29 INFO  root:26 - [ HDFS-INGESTION ] : Ingesting file file38 to /user/vihit/output
2019-11-16 22:04:29 INFO  root:26 - [ HDFS-INGESTION ] : Archiving file file26 to /home/vihit/Desktop/IngestionITTests/archive
2019-11-16 22:04:30 INFO  root:26 - [ HDFS-INGESTION ] : Ingesting file file27 to /user/vihit/output
2019-11-16 22:04:30 INFO  root:26 - [ HDFS-INGESTION ] : Archiving file file38 to /home/vihit/Desktop/IngestionITTests/archive
2019-11-16 22:04:30 INFO  root:26 - [ HDFS-INGESTION ] : Archiving file file27 to /home/vihit/Desktop/IngestionITTests/archive
2019-11-16 22:04:30 INFO  root:26 - [ HDFS-INGESTION ] : Ingesting file file39 to /user/vihit/output
2019-11-16 22:04:30 INFO  root:26 - [ HDFS-INGESTION ] : Ingesting file file28 to /user/vihit/output
2019-11-16 22:04:30 INFO  root:26 - [ HDFS-INGESTION ] : Archiving file file39 to /home/vihit/Desktop/IngestionITTests/archive
2019-11-16 22:04:30 INFO  root:26 - [ HDFS-INGESTION ] : Ingesting file file40 to /user/vihit/output
2019-11-16 22:04:30 INFO  root:26 - [ HDFS-INGESTION ] : Archiving file file28 to /home/vihit/Desktop/IngestionITTests/archive
2019-11-16 22:04:30 INFO  root:26 - [ HDFS-INGESTION ] : Ingesting file file29 to /user/vihit/output
2019-11-16 22:04:30 INFO  root:26 - [ HDFS-INGESTION ] : Archiving file file40 to /home/vihit/Desktop/IngestionITTests/archive
2019-11-16 22:04:30 INFO  root:26 - [ HDFS-INGESTION ] : Ingesting file file41 to /user/vihit/output
2019-11-16 22:04:31 INFO  root:26 - [ HDFS-INGESTION ] : Archiving file file29 to /home/vihit/Desktop/IngestionITTests/archive
2019-11-16 22:04:31 INFO  root:26 - [ HDFS-INGESTION ] : Ingesting file file30 to /user/vihit/output
2019-11-16 22:04:31 INFO  root:26 - [ HDFS-INGESTION ] : Archiving file file41 to /home/vihit/Desktop/IngestionITTests/archive
2019-11-16 22:04:31 INFO  root:26 - [ HDFS-INGESTION ] : Archiving file file30 to /home/vihit/Desktop/IngestionITTests/archive
2019-11-16 22:04:31 INFO  root:26 - [ HDFS-INGESTION ] : Ingesting file file42 to /user/vihit/output
2019-11-16 22:04:31 INFO  root:26 - [ HDFS-INGESTION ] : Ingesting file file51 to /user/vihit/output
2019-11-16 22:04:31 INFO  root:26 - [ HDFS-INGESTION ] : Archiving file file42 to /home/vihit/Desktop/IngestionITTests/archive
2019-11-16 22:04:31 INFO  root:26 - [ HDFS-INGESTION ] : Ingesting file file43 to /user/vihit/output
2019-11-16 22:04:31 INFO  root:26 - [ HDFS-INGESTION ] : Archiving file file51 to /home/vihit/Desktop/IngestionITTests/archive
2019-11-16 22:04:31 INFO  root:26 - [ HDFS-INGESTION ] : Ingesting file file52 to /user/vihit/output
2019-11-16 22:04:31 INFO  root:26 - [ HDFS-INGESTION ] : Archiving file file43 to /home/vihit/Desktop/IngestionITTests/archive
2019-11-16 22:04:31 INFO  root:26 - [ HDFS-INGESTION ] : Archiving file file52 to /home/vihit/Desktop/IngestionITTests/archive
2019-11-16 22:04:31 INFO  root:26 - [ HDFS-INGESTION ] : Ingesting file file44 to /user/vihit/output
2019-11-16 22:04:31 INFO  root:26 - [ HDFS-INGESTION ] : Ingesting file file53 to /user/vihit/output
2019-11-16 22:04:31 INFO  root:26 - [ HDFS-INGESTION ] : Archiving file file53 to /home/vihit/Desktop/IngestionITTests/archive
2019-11-16 22:04:31 INFO  root:26 - [ HDFS-INGESTION ] : Ingesting file file54 to /user/vihit/output
2019-11-16 22:04:32 INFO  root:26 - [ HDFS-INGESTION ] : Archiving file file44 to /home/vihit/Desktop/IngestionITTests/archive
2019-11-16 22:04:32 INFO  root:26 - [ HDFS-INGESTION ] : Ingesting file file45 to /user/vihit/output
2019-11-16 22:04:32 INFO  root:26 - [ HDFS-INGESTION ] : Archiving file file45 to /home/vihit/Desktop/IngestionITTests/archive
2019-11-16 22:04:32 INFO  root:26 - [ HDFS-INGESTION ] : Ingesting file file46 to /user/vihit/output
2019-11-16 22:04:32 INFO  root:26 - [ HDFS-INGESTION ] : Archiving file file54 to /home/vihit/Desktop/IngestionITTests/archive
2019-11-16 22:04:32 INFO  root:26 - [ HDFS-INGESTION ] : Archiving file file46 to /home/vihit/Desktop/IngestionITTests/archive
2019-11-16 22:04:32 INFO  root:26 - [ HDFS-INGESTION ] : Ingesting file file47 to /user/vihit/output
2019-11-16 22:04:32 INFO  root:26 - [ HDFS-INGESTION ] : Archiving file file47 to /home/vihit/Desktop/IngestionITTests/archive
2019-11-16 22:04:32 INFO  root:26 - [ HDFS-INGESTION ] : Ingesting file file48 to /user/vihit/output
2019-11-16 22:04:33 INFO  root:26 - [ HDFS-INGESTION ] : Archiving file file48 to /home/vihit/Desktop/IngestionITTests/archive
2019-11-16 22:04:33 INFO  root:26 - [ HDFS-INGESTION ] : Ingesting file file49 to /user/vihit/output
2019-11-16 22:04:33 INFO  root:26 - [ HDFS-INGESTION ] : Archiving file file49 to /home/vihit/Desktop/IngestionITTests/archive
2019-11-16 22:04:33 INFO  root:26 - [ HDFS-INGESTION ] : Ingesting file file50 to /user/vihit/output
2019-11-16 22:04:33 INFO  root:26 - [ HDFS-INGESTION ] : Archiving file file50 to /home/vihit/Desktop/IngestionITTests/archive
2019-11-16 22:05:24 INFO  root:26 - [ HDFS-INGESTION ] : Ingesting file file11 to /user/vihit/output
2019-11-16 22:05:24 INFO  root:26 - [ HDFS-INGESTION ] : Ingesting file file1 to /user/vihit/output
2019-11-16 22:05:24 INFO  root:26 - [ HDFS-INGESTION ] : Archiving file file1 to /home/vihit/Desktop/IngestionITTests/archive
2019-11-16 22:05:24 INFO  root:26 - [ HDFS-INGESTION ] : Ingesting file file2 to /user/vihit/output
2019-11-16 22:05:24 INFO  root:26 - [ HDFS-INGESTION ] : Archiving file file2 to /home/vihit/Desktop/IngestionITTests/archive
2019-11-16 22:05:24 INFO  root:26 - [ HDFS-INGESTION ] : Ingesting file file3 to /user/vihit/output
2019-11-16 22:05:24 INFO  root:26 - [ HDFS-INGESTION ] : Archiving file file3 to /home/vihit/Desktop/IngestionITTests/archive
2019-11-16 22:05:24 INFO  root:26 - [ HDFS-INGESTION ] : Ingesting file file4 to /user/vihit/output
2019-11-16 22:05:24 INFO  root:26 - [ HDFS-INGESTION ] : Archiving file file11 to /home/vihit/Desktop/IngestionITTests/archive
2019-11-16 22:05:24 INFO  root:26 - [ HDFS-INGESTION ] : Ingesting file file12 to /user/vihit/output
2019-11-16 22:05:24 INFO  root:26 - [ HDFS-INGESTION ] : Archiving file file4 to /home/vihit/Desktop/IngestionITTests/archive
2019-11-16 22:05:24 INFO  root:26 - [ HDFS-INGESTION ] : Ingesting file file5 to /user/vihit/output
2019-11-16 22:05:25 INFO  root:26 - [ HDFS-INGESTION ] : Archiving file file12 to /home/vihit/Desktop/IngestionITTests/archive
2019-11-16 22:05:25 INFO  root:26 - [ HDFS-INGESTION ] : Archiving file file5 to /home/vihit/Desktop/IngestionITTests/archive
2019-11-16 22:05:25 INFO  root:26 - [ HDFS-INGESTION ] : Ingesting file file6 to /user/vihit/output
2019-11-16 22:05:25 INFO  root:26 - [ HDFS-INGESTION ] : Ingesting file file13 to /user/vihit/output
2019-11-16 22:05:25 INFO  root:26 - [ HDFS-INGESTION ] : Archiving file file6 to /home/vihit/Desktop/IngestionITTests/archive
2019-11-16 22:05:25 INFO  root:26 - [ HDFS-INGESTION ] : Archiving file file13 to /home/vihit/Desktop/IngestionITTests/archive
2019-11-16 22:05:25 INFO  root:26 - [ HDFS-INGESTION ] : Ingesting file file7 to /user/vihit/output
2019-11-16 22:05:25 INFO  root:26 - [ HDFS-INGESTION ] : Ingesting file file14 to /user/vihit/output
2019-11-16 22:05:25 INFO  root:26 - [ HDFS-INGESTION ] : Archiving file file7 to /home/vihit/Desktop/IngestionITTests/archive
2019-11-16 22:05:25 INFO  root:26 - [ HDFS-INGESTION ] : Ingesting file file8 to /user/vihit/output
2019-11-16 22:05:25 INFO  root:26 - [ HDFS-INGESTION ] : Archiving file file8 to /home/vihit/Desktop/IngestionITTests/archive
2019-11-16 22:05:25 INFO  root:26 - [ HDFS-INGESTION ] : Ingesting file file9 to /user/vihit/output
2019-11-16 22:05:25 INFO  root:26 - [ HDFS-INGESTION ] : Archiving file file9 to /home/vihit/Desktop/IngestionITTests/archive
2019-11-16 22:05:25 INFO  root:26 - [ HDFS-INGESTION ] : Ingesting file file10 to /user/vihit/output
2019-11-16 22:05:25 INFO  root:26 - [ HDFS-INGESTION ] : Archiving file file14 to /home/vihit/Desktop/IngestionITTests/archive
2019-11-16 22:05:25 INFO  root:26 - [ HDFS-INGESTION ] : Ingesting file file15 to /user/vihit/output
2019-11-16 22:05:25 INFO  root:26 - [ HDFS-INGESTION ] : Archiving file file15 to /home/vihit/Desktop/IngestionITTests/archive
2019-11-16 22:05:25 INFO  root:26 - [ HDFS-INGESTION ] : Ingesting file file16 to /user/vihit/output
2019-11-16 22:05:26 INFO  root:26 - [ HDFS-INGESTION ] : Archiving file file16 to /home/vihit/Desktop/IngestionITTests/archive
2019-11-16 22:05:26 INFO  root:26 - [ HDFS-INGESTION ] : Ingesting file file17 to /user/vihit/output
2019-11-16 22:05:26 INFO  root:26 - [ HDFS-INGESTION ] : Archiving file file17 to /home/vihit/Desktop/IngestionITTests/archive
2019-11-16 22:05:26 INFO  root:26 - [ HDFS-INGESTION ] : Ingesting file file18 to /user/vihit/output
2019-11-16 22:05:26 INFO  root:26 - [ HDFS-INGESTION ] : Archiving file file10 to /home/vihit/Desktop/IngestionITTests/archive
2019-11-16 22:05:26 INFO  root:26 - [ HDFS-INGESTION ] : Archiving file file18 to /home/vihit/Desktop/IngestionITTests/archive
2019-11-16 22:05:26 INFO  root:26 - [ HDFS-INGESTION ] : Ingesting file file21 to /user/vihit/output
2019-11-16 22:05:26 INFO  root:26 - [ HDFS-INGESTION ] : Ingesting file file19 to /user/vihit/output
2019-11-16 22:05:26 INFO  root:26 - [ HDFS-INGESTION ] : Archiving file file19 to /home/vihit/Desktop/IngestionITTests/archive
2019-11-16 22:05:26 INFO  root:26 - [ HDFS-INGESTION ] : Ingesting file file20 to /user/vihit/output
2019-11-16 22:05:26 INFO  root:26 - [ HDFS-INGESTION ] : Archiving file file20 to /home/vihit/Desktop/IngestionITTests/archive
2019-11-16 22:05:26 INFO  root:26 - [ HDFS-INGESTION ] : Ingesting file file31 to /user/vihit/output
2019-11-16 22:05:26 INFO  root:26 - [ HDFS-INGESTION ] : Archiving file file31 to /home/vihit/Desktop/IngestionITTests/archive
2019-11-16 22:05:26 INFO  root:26 - [ HDFS-INGESTION ] : Ingesting file file32 to /user/vihit/output
2019-11-16 22:05:26 INFO  root:26 - [ HDFS-INGESTION ] : Archiving file file21 to /home/vihit/Desktop/IngestionITTests/archive
2019-11-16 22:05:26 INFO  root:26 - [ HDFS-INGESTION ] : Archiving file file32 to /home/vihit/Desktop/IngestionITTests/archive
2019-11-16 22:05:26 INFO  root:26 - [ HDFS-INGESTION ] : Ingesting file file22 to /user/vihit/output
2019-11-16 22:05:26 INFO  root:26 - [ HDFS-INGESTION ] : Ingesting file file33 to /user/vihit/output
2019-11-16 22:05:26 INFO  root:26 - [ HDFS-INGESTION ] : Archiving file file33 to /home/vihit/Desktop/IngestionITTests/archive
2019-11-16 22:05:26 INFO  root:26 - [ HDFS-INGESTION ] : Ingesting file file34 to /user/vihit/output
2019-11-16 22:05:26 INFO  root:26 - [ HDFS-INGESTION ] : Archiving file file34 to /home/vihit/Desktop/IngestionITTests/archive
2019-11-16 22:05:27 INFO  root:26 - [ HDFS-INGESTION ] : Ingesting file file35 to /user/vihit/output
2019-11-16 22:05:27 INFO  root:26 - [ HDFS-INGESTION ] : Archiving file file22 to /home/vihit/Desktop/IngestionITTests/archive
2019-11-16 22:05:27 INFO  root:26 - [ HDFS-INGESTION ] : Ingesting file file23 to /user/vihit/output
2019-11-16 22:05:27 INFO  root:26 - [ HDFS-INGESTION ] : Archiving file file35 to /home/vihit/Desktop/IngestionITTests/archive
2019-11-16 22:05:27 INFO  root:26 - [ HDFS-INGESTION ] : Ingesting file file36 to /user/vihit/output
2019-11-16 22:05:27 INFO  root:26 - [ HDFS-INGESTION ] : Archiving file file23 to /home/vihit/Desktop/IngestionITTests/archive
2019-11-16 22:05:27 INFO  root:26 - [ HDFS-INGESTION ] : Ingesting file file24 to /user/vihit/output
2019-11-16 22:05:27 INFO  root:26 - [ HDFS-INGESTION ] : Archiving file file36 to /home/vihit/Desktop/IngestionITTests/archive
2019-11-16 22:05:27 INFO  root:26 - [ HDFS-INGESTION ] : Ingesting file file37 to /user/vihit/output
2019-11-16 22:05:28 INFO  root:26 - [ HDFS-INGESTION ] : Archiving file file24 to /home/vihit/Desktop/IngestionITTests/archive
2019-11-16 22:05:28 INFO  root:26 - [ HDFS-INGESTION ] : Ingesting file file25 to /user/vihit/output
2019-11-16 22:05:28 INFO  root:26 - [ HDFS-INGESTION ] : Archiving file file25 to /home/vihit/Desktop/IngestionITTests/archive
2019-11-16 22:05:28 INFO  root:26 - [ HDFS-INGESTION ] : Ingesting file file26 to /user/vihit/output
2019-11-16 22:05:28 INFO  root:26 - [ HDFS-INGESTION ] : Archiving file file37 to /home/vihit/Desktop/IngestionITTests/archive
2019-11-16 22:05:28 INFO  root:26 - [ HDFS-INGESTION ] : Archiving file file26 to /home/vihit/Desktop/IngestionITTests/archive
2019-11-16 22:05:28 INFO  root:26 - [ HDFS-INGESTION ] : Ingesting file file38 to /user/vihit/output
2019-11-16 22:05:28 INFO  root:26 - [ HDFS-INGESTION ] : Ingesting file file27 to /user/vihit/output
2019-11-16 22:05:28 INFO  root:26 - [ HDFS-INGESTION ] : Archiving file file38 to /home/vihit/Desktop/IngestionITTests/archive
2019-11-16 22:05:28 INFO  root:26 - [ HDFS-INGESTION ] : Archiving file file27 to /home/vihit/Desktop/IngestionITTests/archive
2019-11-16 22:05:28 INFO  root:26 - [ HDFS-INGESTION ] : Ingesting file file39 to /user/vihit/output
2019-11-16 22:05:28 INFO  root:26 - [ HDFS-INGESTION ] : Ingesting file file28 to /user/vihit/output
2019-11-16 22:05:28 INFO  root:26 - [ HDFS-INGESTION ] : Archiving file file28 to /home/vihit/Desktop/IngestionITTests/archive
2019-11-16 22:05:28 INFO  root:26 - [ HDFS-INGESTION ] : Ingesting file file29 to /user/vihit/output
2019-11-16 22:05:28 INFO  root:26 - [ HDFS-INGESTION ] : Archiving file file29 to /home/vihit/Desktop/IngestionITTests/archive
2019-11-16 22:05:28 INFO  root:26 - [ HDFS-INGESTION ] : Ingesting file file30 to /user/vihit/output
2019-11-16 22:05:29 INFO  root:26 - [ HDFS-INGESTION ] : Archiving file file30 to /home/vihit/Desktop/IngestionITTests/archive
2019-11-16 22:05:29 INFO  root:26 - [ HDFS-INGESTION ] : Ingesting file file41 to /user/vihit/output
2019-11-16 22:05:29 INFO  root:26 - [ HDFS-INGESTION ] : Archiving file file39 to /home/vihit/Desktop/IngestionITTests/archive
2019-11-16 22:05:29 INFO  root:26 - [ HDFS-INGESTION ] : Ingesting file file40 to /user/vihit/output
2019-11-16 22:05:29 INFO  root:26 - [ HDFS-INGESTION ] : Archiving file file40 to /home/vihit/Desktop/IngestionITTests/archive
2019-11-16 22:05:29 INFO  root:26 - [ HDFS-INGESTION ] : Ingesting file file51 to /user/vihit/output
2019-11-16 22:05:29 INFO  root:26 - [ HDFS-INGESTION ] : Archiving file file41 to /home/vihit/Desktop/IngestionITTests/archive
2019-11-16 22:05:29 INFO  root:26 - [ HDFS-INGESTION ] : Ingesting file file42 to /user/vihit/output
2019-11-16 22:05:29 INFO  root:26 - [ HDFS-INGESTION ] : Archiving file file51 to /home/vihit/Desktop/IngestionITTests/archive
2019-11-16 22:05:29 INFO  root:26 - [ HDFS-INGESTION ] : Ingesting file file52 to /user/vihit/output
2019-11-16 22:05:29 INFO  root:26 - [ HDFS-INGESTION ] : Archiving file file52 to /home/vihit/Desktop/IngestionITTests/archive
2019-11-16 22:05:29 INFO  root:26 - [ HDFS-INGESTION ] : Ingesting file file53 to /user/vihit/output
2019-11-16 22:05:30 INFO  root:26 - [ HDFS-INGESTION ] : Archiving file file42 to /home/vihit/Desktop/IngestionITTests/archive
2019-11-16 22:05:30 INFO  root:26 - [ HDFS-INGESTION ] : Ingesting file file43 to /user/vihit/output
2019-11-16 22:05:30 INFO  root:26 - [ HDFS-INGESTION ] : Archiving file file43 to /home/vihit/Desktop/IngestionITTests/archive
2019-11-16 22:05:30 INFO  root:26 - [ HDFS-INGESTION ] : Ingesting file file44 to /user/vihit/output
2019-11-16 22:05:30 INFO  root:26 - [ HDFS-INGESTION ] : Archiving file file53 to /home/vihit/Desktop/IngestionITTests/archive
2019-11-16 22:05:30 INFO  root:26 - [ HDFS-INGESTION ] : Ingesting file file54 to /user/vihit/output
2019-11-16 22:05:30 INFO  root:26 - [ HDFS-INGESTION ] : Archiving file file54 to /home/vihit/Desktop/IngestionITTests/archive
2019-11-16 22:05:30 INFO  root:26 - [ HDFS-INGESTION ] : Ingesting file file55 to /user/vihit/output
2019-11-16 22:05:30 INFO  root:26 - [ HDFS-INGESTION ] : Archiving file file55 to /home/vihit/Desktop/IngestionITTests/archive
2019-11-16 22:05:30 INFO  root:26 - [ HDFS-INGESTION ] : Ingesting file file56 to /user/vihit/output
2019-11-16 22:05:30 INFO  root:26 - [ HDFS-INGESTION ] : Archiving file file44 to /home/vihit/Desktop/IngestionITTests/archive
2019-11-16 22:05:30 INFO  root:26 - [ HDFS-INGESTION ] : Ingesting file file45 to /user/vihit/output
2019-11-16 22:05:30 INFO  root:26 - [ HDFS-INGESTION ] : Archiving file file45 to /home/vihit/Desktop/IngestionITTests/archive
2019-11-16 22:05:30 INFO  root:26 - [ HDFS-INGESTION ] : Ingesting file file46 to /user/vihit/output
2019-11-16 22:05:31 INFO  root:26 - [ HDFS-INGESTION ] : Archiving file file56 to /home/vihit/Desktop/IngestionITTests/archive
2019-11-16 22:05:31 INFO  root:26 - [ HDFS-INGESTION ] : Ingesting file file57 to /user/vihit/output
2019-11-16 22:05:31 INFO  root:26 - [ HDFS-INGESTION ] : Archiving file file46 to /home/vihit/Desktop/IngestionITTests/archive
2019-11-16 22:05:31 INFO  root:26 - [ HDFS-INGESTION ] : Ingesting file file47 to /user/vihit/output
2019-11-16 22:05:31 INFO  root:26 - [ HDFS-INGESTION ] : Archiving file file47 to /home/vihit/Desktop/IngestionITTests/archive
2019-11-16 22:05:31 INFO  root:26 - [ HDFS-INGESTION ] : Ingesting file file48 to /user/vihit/output
2019-11-16 22:05:31 INFO  root:26 - [ HDFS-INGESTION ] : Archiving file file48 to /home/vihit/Desktop/IngestionITTests/archive
2019-11-16 22:05:31 INFO  root:26 - [ HDFS-INGESTION ] : Ingesting file file49 to /user/vihit/output
2019-11-16 22:05:31 INFO  root:26 - [ HDFS-INGESTION ] : Archiving file file49 to /home/vihit/Desktop/IngestionITTests/archive
2019-11-16 22:05:31 INFO  root:26 - [ HDFS-INGESTION ] : Ingesting file file50 to /user/vihit/output
2019-11-16 22:05:31 INFO  root:26 - [ HDFS-INGESTION ] : Archiving file file57 to /home/vihit/Desktop/IngestionITTests/archive
2019-11-16 22:05:31 INFO  root:26 - [ HDFS-INGESTION ] : Archiving file file50 to /home/vihit/Desktop/IngestionITTests/archive
2019-11-16 22:05:31 INFO  root:26 - [ HDFS-INGESTION ] : Ingesting file file58 to /user/vihit/output
2019-11-16 22:05:31 INFO  root:26 - [ HDFS-INGESTION ] : Ingesting file file61 to /user/vihit/output
2019-11-16 22:05:32 INFO  root:26 - [ HDFS-INGESTION ] : Archiving file file58 to /home/vihit/Desktop/IngestionITTests/archive
2019-11-16 22:05:32 INFO  root:26 - [ HDFS-INGESTION ] : Archiving file file61 to /home/vihit/Desktop/IngestionITTests/archive
2019-11-16 22:05:32 INFO  root:26 - [ HDFS-INGESTION ] : Ingesting file file59 to /user/vihit/output
2019-11-16 22:05:32 INFO  root:26 - [ HDFS-INGESTION ] : Ingesting file file62 to /user/vihit/output
2019-11-16 22:05:32 INFO  root:26 - [ HDFS-INGESTION ] : Archiving file file59 to /home/vihit/Desktop/IngestionITTests/archive
2019-11-16 22:05:32 INFO  root:26 - [ HDFS-INGESTION ] : Archiving file file62 to /home/vihit/Desktop/IngestionITTests/archive
2019-11-16 22:05:32 INFO  root:26 - [ HDFS-INGESTION ] : Ingesting file file60 to /user/vihit/output
2019-11-16 22:05:32 INFO  root:26 - [ HDFS-INGESTION ] : Ingesting file file63 to /user/vihit/output
2019-11-16 22:05:33 INFO  root:26 - [ HDFS-INGESTION ] : Archiving file file60 to /home/vihit/Desktop/IngestionITTests/archive
2019-11-16 22:05:33 INFO  root:26 - [ HDFS-INGESTION ] : Archiving file file63 to /home/vihit/Desktop/IngestionITTests/archive
2019-11-16 22:05:33 INFO  root:26 - [ HDFS-INGESTION ] : Ingesting file file64 to /user/vihit/output
2019-11-16 22:05:33 INFO  root:26 - [ HDFS-INGESTION ] : Ingesting file file71 to /user/vihit/output
2019-11-16 22:05:33 INFO  root:26 - [ HDFS-INGESTION ] : Archiving file file71 to /home/vihit/Desktop/IngestionITTests/archive
2019-11-16 22:05:33 INFO  root:26 - [ HDFS-INGESTION ] : Ingesting file file72 to /user/vihit/output
2019-11-16 22:05:33 INFO  root:26 - [ HDFS-INGESTION ] : Archiving file file72 to /home/vihit/Desktop/IngestionITTests/archive
2019-11-16 22:05:33 INFO  root:26 - [ HDFS-INGESTION ] : Ingesting file file73 to /user/vihit/output
2019-11-16 22:05:33 INFO  root:26 - [ HDFS-INGESTION ] : Archiving file file64 to /home/vihit/Desktop/IngestionITTests/archive
2019-11-16 22:05:33 INFO  root:26 - [ HDFS-INGESTION ] : Ingesting file file65 to /user/vihit/output
2019-11-16 22:05:34 INFO  root:26 - [ HDFS-INGESTION ] : Archiving file file73 to /home/vihit/Desktop/IngestionITTests/archive
2019-11-16 22:05:34 INFO  root:26 - [ HDFS-INGESTION ] : Ingesting file file74 to /user/vihit/output
2019-11-16 22:05:34 INFO  root:26 - [ HDFS-INGESTION ] : Archiving file file74 to /home/vihit/Desktop/IngestionITTests/archive
2019-11-16 22:05:34 INFO  root:26 - [ HDFS-INGESTION ] : Ingesting file file75 to /user/vihit/output
2019-11-16 22:05:34 INFO  root:26 - [ HDFS-INGESTION ] : Archiving file file75 to /home/vihit/Desktop/IngestionITTests/archive
2019-11-16 22:05:34 INFO  root:26 - [ HDFS-INGESTION ] : Archiving file file65 to /home/vihit/Desktop/IngestionITTests/archive
2019-11-16 22:05:34 INFO  root:26 - [ HDFS-INGESTION ] : Ingesting file file66 to /user/vihit/output
2019-11-16 22:05:34 INFO  root:26 - [ HDFS-INGESTION ] : Ingesting file file76 to /user/vihit/output
2019-11-16 22:05:34 INFO  root:26 - [ HDFS-INGESTION ] : Archiving file file76 to /home/vihit/Desktop/IngestionITTests/archive
2019-11-16 22:05:34 INFO  root:26 - [ HDFS-INGESTION ] : Archiving file file66 to /home/vihit/Desktop/IngestionITTests/archive
2019-11-16 22:05:34 INFO  root:26 - [ HDFS-INGESTION ] : Ingesting file file77 to /user/vihit/output
2019-11-16 22:05:34 INFO  root:26 - [ HDFS-INGESTION ] : Ingesting file file67 to /user/vihit/output
2019-11-16 22:05:35 INFO  root:26 - [ HDFS-INGESTION ] : Archiving file file77 to /home/vihit/Desktop/IngestionITTests/archive
2019-11-16 22:05:35 INFO  root:26 - [ HDFS-INGESTION ] : Archiving file file67 to /home/vihit/Desktop/IngestionITTests/archive
2019-11-16 22:05:35 INFO  root:26 - [ HDFS-INGESTION ] : Ingesting file file78 to /user/vihit/output
2019-11-16 22:05:35 INFO  root:26 - [ HDFS-INGESTION ] : Ingesting file file68 to /user/vihit/output
2019-11-16 22:05:35 INFO  root:26 - [ HDFS-INGESTION ] : Archiving file file78 to /home/vihit/Desktop/IngestionITTests/archive
2019-11-16 22:05:35 INFO  root:26 - [ HDFS-INGESTION ] : Archiving file file68 to /home/vihit/Desktop/IngestionITTests/archive
2019-11-16 22:05:35 INFO  root:26 - [ HDFS-INGESTION ] : Ingesting file file69 to /user/vihit/output
2019-11-16 22:05:35 INFO  root:26 - [ HDFS-INGESTION ] : Ingesting file file79 to /user/vihit/output
2019-11-16 22:05:35 INFO  root:26 - [ HDFS-INGESTION ] : Archiving file file79 to /home/vihit/Desktop/IngestionITTests/archive
2019-11-16 22:05:35 INFO  root:26 - [ HDFS-INGESTION ] : Ingesting file file80 to /user/vihit/output
2019-11-16 22:05:36 INFO  root:26 - [ HDFS-INGESTION ] : Archiving file file69 to /home/vihit/Desktop/IngestionITTests/archive
2019-11-16 22:05:36 INFO  root:26 - [ HDFS-INGESTION ] : Ingesting file file70 to /user/vihit/output
2019-11-16 22:05:36 INFO  root:26 - [ HDFS-INGESTION ] : Archiving file file70 to /home/vihit/Desktop/IngestionITTests/archive
2019-11-16 22:05:36 INFO  root:26 - [ HDFS-INGESTION ] : Ingesting file file81 to /user/vihit/output
2019-11-16 22:05:36 INFO  root:26 - [ HDFS-INGESTION ] : Archiving file file80 to /home/vihit/Desktop/IngestionITTests/archive
2019-11-16 22:05:36 INFO  root:26 - [ HDFS-INGESTION ] : Archiving file file81 to /home/vihit/Desktop/IngestionITTests/archive
2019-11-16 22:05:36 INFO  root:26 - [ HDFS-INGESTION ] : Ingesting file file82 to /user/vihit/output
2019-11-16 22:05:37 INFO  root:26 - [ HDFS-INGESTION ] : Archiving file file82 to /home/vihit/Desktop/IngestionITTests/archive
2019-11-16 22:05:37 INFO  root:26 - [ HDFS-INGESTION ] : Ingesting file file83 to /user/vihit/output
2019-11-16 22:05:37 INFO  root:26 - [ HDFS-INGESTION ] : Archiving file file83 to /home/vihit/Desktop/IngestionITTests/archive
2019-11-16 22:05:37 INFO  root:26 - [ HDFS-INGESTION ] : Ingesting file file84 to /user/vihit/output
2019-11-16 22:05:37 INFO  root:26 - [ HDFS-INGESTION ] : Archiving file file84 to /home/vihit/Desktop/IngestionITTests/archive
2019-11-16 22:05:37 INFO  root:26 - [ HDFS-INGESTION ] : Ingesting file file85 to /user/vihit/output
2019-11-16 22:05:37 INFO  root:26 - [ HDFS-INGESTION ] : Archiving file file85 to /home/vihit/Desktop/IngestionITTests/archive
2019-11-16 22:05:37 INFO  root:26 - [ HDFS-INGESTION ] : Ingesting file file86 to /user/vihit/output
2019-11-16 22:05:38 INFO  root:26 - [ HDFS-INGESTION ] : Archiving file file86 to /home/vihit/Desktop/IngestionITTests/archive
2019-11-16 22:05:38 INFO  root:26 - [ HDFS-INGESTION ] : Ingesting file file87 to /user/vihit/output
2019-11-16 22:05:38 INFO  root:26 - [ HDFS-INGESTION ] : Archiving file file87 to /home/vihit/Desktop/IngestionITTests/archive
2019-11-16 22:05:38 INFO  root:26 - [ HDFS-INGESTION ] : Ingesting file file88 to /user/vihit/output
2019-11-16 22:05:38 INFO  root:26 - [ HDFS-INGESTION ] : Archiving file file88 to /home/vihit/Desktop/IngestionITTests/archive
2019-11-16 22:05:38 INFO  root:26 - [ HDFS-INGESTION ] : Ingesting file file89 to /user/vihit/output
2019-11-16 22:05:38 INFO  root:26 - [ HDFS-INGESTION ] : Archiving file file89 to /home/vihit/Desktop/IngestionITTests/archive
2019-11-16 22:05:38 INFO  root:26 - [ HDFS-INGESTION ] : Ingesting file file90 to /user/vihit/output
2019-11-16 22:05:39 INFO  root:26 - [ HDFS-INGESTION ] : Archiving file file90 to /home/vihit/Desktop/IngestionITTests/archive
2019-11-16 22:06:59 WARN  NativeCodeLoader:62 - Unable to load native-hadoop library for your platform... using builtin-java classes where applicable
2019-11-16 22:07:00 INFO  root:26 - [ HDFS-INGESTION ] : Ingesting file file91 to /user/vihit/output
2019-11-16 22:07:00 INFO  root:26 - [ HDFS-INGESTION ] : Archiving file file91 to /home/vihit/Desktop/IngestionITTests/archive
2019-11-16 22:07:00 INFO  root:26 - [ HDFS-INGESTION ] : Ingesting file file92 to /user/vihit/output
2019-11-16 22:07:00 INFO  root:26 - [ HDFS-INGESTION ] : Archiving file file92 to /home/vihit/Desktop/IngestionITTests/archive
2019-11-16 22:07:01 INFO  root:26 - [ HDFS-INGESTION ] : Ingesting file file93 to /user/vihit/output
2019-11-16 22:07:01 INFO  root:26 - [ HDFS-INGESTION ] : Archiving file file93 to /home/vihit/Desktop/IngestionITTests/archive
2019-11-16 22:07:01 INFO  root:26 - [ HDFS-INGESTION ] : Ingesting file file94 to /user/vihit/output
2019-11-16 22:07:01 INFO  root:26 - [ HDFS-INGESTION ] : Archiving file file94 to /home/vihit/Desktop/IngestionITTests/archive
2019-11-16 22:07:01 INFO  root:26 - [ HDFS-INGESTION ] : Ingesting file file95 to /user/vihit/output
2019-11-16 22:07:01 INFO  root:26 - [ HDFS-INGESTION ] : Archiving file file95 to /home/vihit/Desktop/IngestionITTests/archive
2019-11-16 22:07:01 INFO  root:26 - [ HDFS-INGESTION ] : Ingesting file file96 to /user/vihit/output
2019-11-16 22:07:02 INFO  root:26 - [ HDFS-INGESTION ] : Archiving file file96 to /home/vihit/Desktop/IngestionITTests/archive
2019-11-16 22:07:02 INFO  root:26 - [ HDFS-INGESTION ] : Ingesting file file97 to /user/vihit/output
2019-11-16 22:07:02 INFO  root:26 - [ HDFS-INGESTION ] : Archiving file file97 to /home/vihit/Desktop/IngestionITTests/archive
2019-11-16 22:07:02 INFO  root:26 - [ HDFS-INGESTION ] : Ingesting file file98 to /user/vihit/output
2019-11-16 22:07:03 INFO  root:26 - [ HDFS-INGESTION ] : Archiving file file98 to /home/vihit/Desktop/IngestionITTests/archive
2019-11-16 22:07:03 INFO  root:26 - [ HDFS-INGESTION ] : Ingesting file file99 to /user/vihit/output
2019-11-16 22:07:03 INFO  root:26 - [ HDFS-INGESTION ] : Archiving file file99 to /home/vihit/Desktop/IngestionITTests/archive
2019-11-16 22:07:03 INFO  root:26 - [ HDFS-INGESTION ] : Ingesting file file100 to /user/vihit/output
2019-11-16 22:07:03 INFO  root:26 - [ HDFS-INGESTION ] : Archiving file file100 to /home/vihit/Desktop/IngestionITTests/archive
2019-11-16 22:07:58 INFO  root:26 - [ HDFS-INGESTION ] : Ingesting file file11 to /user/vihit/output
2019-11-16 22:07:58 INFO  root:26 - [ HDFS-INGESTION ] : Ingesting file file1 to /user/vihit/output
2019-11-16 22:07:58 INFO  root:26 - [ HDFS-INGESTION ] : Archiving file file1 to /home/vihit/Desktop/IngestionITTests/archive
2019-11-16 22:07:58 INFO  root:26 - [ HDFS-INGESTION ] : Archiving file file11 to /home/vihit/Desktop/IngestionITTests/archive
2019-11-16 22:07:58 INFO  root:26 - [ HDFS-INGESTION ] : Ingesting file file2 to /user/vihit/output
2019-11-16 22:07:58 INFO  root:26 - [ HDFS-INGESTION ] : Ingesting file file12 to /user/vihit/output
2019-11-16 22:07:58 INFO  root:26 - [ HDFS-INGESTION ] : Archiving file file12 to /home/vihit/Desktop/IngestionITTests/archive
2019-11-16 22:07:58 INFO  root:26 - [ HDFS-INGESTION ] : Archiving file file2 to /home/vihit/Desktop/IngestionITTests/archive
2019-11-16 22:07:58 INFO  root:26 - [ HDFS-INGESTION ] : Ingesting file file13 to /user/vihit/output
2019-11-16 22:07:58 INFO  root:26 - [ HDFS-INGESTION ] : Ingesting file file3 to /user/vihit/output
2019-11-16 22:07:58 INFO  root:26 - [ HDFS-INGESTION ] : Archiving file file13 to /home/vihit/Desktop/IngestionITTests/archive
2019-11-16 22:07:58 INFO  root:26 - [ HDFS-INGESTION ] : Ingesting file file14 to /user/vihit/output
2019-11-16 22:07:58 INFO  root:26 - [ HDFS-INGESTION ] : Archiving file file14 to /home/vihit/Desktop/IngestionITTests/archive
2019-11-16 22:07:58 INFO  root:26 - [ HDFS-INGESTION ] : Ingesting file file15 to /user/vihit/output
2019-11-16 22:07:59 INFO  root:26 - [ HDFS-INGESTION ] : Archiving file file15 to /home/vihit/Desktop/IngestionITTests/archive
2019-11-16 22:07:59 INFO  root:26 - [ HDFS-INGESTION ] : Ingesting file file16 to /user/vihit/output
2019-11-16 22:07:59 INFO  root:26 - [ HDFS-INGESTION ] : Archiving file file3 to /home/vihit/Desktop/IngestionITTests/archive
2019-11-16 22:07:59 INFO  root:26 - [ HDFS-INGESTION ] : Ingesting file file4 to /user/vihit/output
2019-11-16 22:07:59 INFO  root:26 - [ HDFS-INGESTION ] : Archiving file file16 to /home/vihit/Desktop/IngestionITTests/archive
2019-11-16 22:07:59 INFO  root:26 - [ HDFS-INGESTION ] : Ingesting file file17 to /user/vihit/output
2019-11-16 22:07:59 INFO  root:26 - [ HDFS-INGESTION ] : Archiving file file17 to /home/vihit/Desktop/IngestionITTests/archive
2019-11-16 22:07:59 INFO  root:26 - [ HDFS-INGESTION ] : Ingesting file file18 to /user/vihit/output
2019-11-16 22:07:59 INFO  root:26 - [ HDFS-INGESTION ] : Archiving file file18 to /home/vihit/Desktop/IngestionITTests/archive
2019-11-16 22:07:59 INFO  root:26 - [ HDFS-INGESTION ] : Archiving file file4 to /home/vihit/Desktop/IngestionITTests/archive
2019-11-16 22:07:59 INFO  root:26 - [ HDFS-INGESTION ] : Ingesting file file19 to /user/vihit/output
2019-11-16 22:07:59 INFO  root:26 - [ HDFS-INGESTION ] : Ingesting file file5 to /user/vihit/output
2019-11-16 22:07:59 INFO  root:26 - [ HDFS-INGESTION ] : Archiving file file19 to /home/vihit/Desktop/IngestionITTests/archive
2019-11-16 22:07:59 INFO  root:26 - [ HDFS-INGESTION ] : Archiving file file5 to /home/vihit/Desktop/IngestionITTests/archive
2019-11-16 22:07:59 INFO  root:26 - [ HDFS-INGESTION ] : Ingesting file file20 to /user/vihit/output
2019-11-16 22:07:59 INFO  root:26 - [ HDFS-INGESTION ] : Ingesting file file6 to /user/vihit/output
2019-11-16 22:08:00 INFO  root:26 - [ HDFS-INGESTION ] : Archiving file file20 to /home/vihit/Desktop/IngestionITTests/archive
2019-11-16 22:08:00 INFO  root:26 - [ HDFS-INGESTION ] : Ingesting file file21 to /user/vihit/output
2019-11-16 22:08:00 INFO  root:26 - [ HDFS-INGESTION ] : Archiving file file21 to /home/vihit/Desktop/IngestionITTests/archive
2019-11-16 22:08:00 INFO  root:26 - [ HDFS-INGESTION ] : Ingesting file file22 to /user/vihit/output
2019-11-16 22:08:00 INFO  root:26 - [ HDFS-INGESTION ] : Archiving file file6 to /home/vihit/Desktop/IngestionITTests/archive
2019-11-16 22:08:00 INFO  root:26 - [ HDFS-INGESTION ] : Ingesting file file7 to /user/vihit/output
2019-11-16 22:08:00 INFO  root:26 - [ HDFS-INGESTION ] : Archiving file file7 to /home/vihit/Desktop/IngestionITTests/archive
2019-11-16 22:08:00 INFO  root:26 - [ HDFS-INGESTION ] : Ingesting file file8 to /user/vihit/output
2019-11-16 22:08:00 INFO  root:26 - [ HDFS-INGESTION ] : Archiving file file22 to /home/vihit/Desktop/IngestionITTests/archive
2019-11-16 22:08:00 INFO  root:26 - [ HDFS-INGESTION ] : Ingesting file file23 to /user/vihit/output
2019-11-16 22:08:00 INFO  root:26 - [ HDFS-INGESTION ] : Archiving file file23 to /home/vihit/Desktop/IngestionITTests/archive
2019-11-16 22:08:00 INFO  root:26 - [ HDFS-INGESTION ] : Ingesting file file24 to /user/vihit/output
2019-11-16 22:08:00 INFO  root:26 - [ HDFS-INGESTION ] : Archiving file file24 to /home/vihit/Desktop/IngestionITTests/archive
2019-11-16 22:08:01 INFO  root:26 - [ HDFS-INGESTION ] : Ingesting file file25 to /user/vihit/output
2019-11-16 22:08:01 INFO  root:26 - [ HDFS-INGESTION ] : Archiving file file8 to /home/vihit/Desktop/IngestionITTests/archive
2019-11-16 22:08:01 INFO  root:26 - [ HDFS-INGESTION ] : Ingesting file file9 to /user/vihit/output
2019-11-16 22:08:01 INFO  root:26 - [ HDFS-INGESTION ] : Archiving file file9 to /home/vihit/Desktop/IngestionITTests/archive
2019-11-16 22:08:01 INFO  root:26 - [ HDFS-INGESTION ] : Ingesting file file10 to /user/vihit/output
2019-11-16 22:08:01 INFO  root:26 - [ HDFS-INGESTION ] : Archiving file file10 to /home/vihit/Desktop/IngestionITTests/archive
2019-11-16 22:08:01 INFO  root:26 - [ HDFS-INGESTION ] : Ingesting file file31 to /user/vihit/output
2019-11-16 22:08:01 INFO  root:26 - [ HDFS-INGESTION ] : Archiving file file31 to /home/vihit/Desktop/IngestionITTests/archive
2019-11-16 22:08:01 INFO  root:26 - [ HDFS-INGESTION ] : Ingesting file file32 to /user/vihit/output
2019-11-16 22:08:01 INFO  root:26 - [ HDFS-INGESTION ] : Archiving file file25 to /home/vihit/Desktop/IngestionITTests/archive
2019-11-16 22:08:01 INFO  root:26 - [ HDFS-INGESTION ] : Archiving file file32 to /home/vihit/Desktop/IngestionITTests/archive
2019-11-16 22:08:01 INFO  root:26 - [ HDFS-INGESTION ] : Ingesting file file26 to /user/vihit/output
2019-11-16 22:08:01 INFO  root:26 - [ HDFS-INGESTION ] : Ingesting file file33 to /user/vihit/output
2019-11-16 22:08:01 INFO  root:26 - [ HDFS-INGESTION ] : Archiving file file26 to /home/vihit/Desktop/IngestionITTests/archive
2019-11-16 22:08:01 INFO  root:26 - [ HDFS-INGESTION ] : Archiving file file33 to /home/vihit/Desktop/IngestionITTests/archive
2019-11-16 22:08:01 INFO  root:26 - [ HDFS-INGESTION ] : Ingesting file file27 to /user/vihit/output
2019-11-16 22:08:01 INFO  root:26 - [ HDFS-INGESTION ] : Ingesting file file34 to /user/vihit/output
2019-11-16 22:08:01 INFO  root:26 - [ HDFS-INGESTION ] : Archiving file file27 to /home/vihit/Desktop/IngestionITTests/archive
2019-11-16 22:08:01 INFO  root:26 - [ HDFS-INGESTION ] : Ingesting file file28 to /user/vihit/output
2019-11-16 22:08:01 INFO  root:26 - [ HDFS-INGESTION ] : Archiving file file28 to /home/vihit/Desktop/IngestionITTests/archive
2019-11-16 22:08:01 INFO  root:26 - [ HDFS-INGESTION ] : Ingesting file file29 to /user/vihit/output
2019-11-16 22:08:02 INFO  root:26 - [ HDFS-INGESTION ] : Archiving file file34 to /home/vihit/Desktop/IngestionITTests/archive
2019-11-16 22:08:02 INFO  root:26 - [ HDFS-INGESTION ] : Ingesting file file35 to /user/vihit/output
2019-11-16 22:08:02 INFO  root:26 - [ HDFS-INGESTION ] : Archiving file file35 to /home/vihit/Desktop/IngestionITTests/archive
2019-11-16 22:08:02 INFO  root:26 - [ HDFS-INGESTION ] : Ingesting file file36 to /user/vihit/output
2019-11-16 22:08:02 INFO  root:26 - [ HDFS-INGESTION ] : Archiving file file36 to /home/vihit/Desktop/IngestionITTests/archive
2019-11-16 22:08:02 INFO  root:26 - [ HDFS-INGESTION ] : Ingesting file file37 to /user/vihit/output
2019-11-16 22:08:02 INFO  root:26 - [ HDFS-INGESTION ] : Archiving file file29 to /home/vihit/Desktop/IngestionITTests/archive
2019-11-16 22:08:02 INFO  root:26 - [ HDFS-INGESTION ] : Ingesting file file30 to /user/vihit/output
2019-11-16 22:08:02 INFO  root:26 - [ HDFS-INGESTION ] : Archiving file file37 to /home/vihit/Desktop/IngestionITTests/archive
2019-11-16 22:08:02 INFO  root:26 - [ HDFS-INGESTION ] : Ingesting file file38 to /user/vihit/output
2019-11-16 22:08:02 INFO  root:26 - [ HDFS-INGESTION ] : Archiving file file30 to /home/vihit/Desktop/IngestionITTests/archive
2019-11-16 22:08:02 INFO  root:26 - [ HDFS-INGESTION ] : Archiving file file38 to /home/vihit/Desktop/IngestionITTests/archive
2019-11-16 22:08:02 INFO  root:26 - [ HDFS-INGESTION ] : Ingesting file file41 to /user/vihit/output
2019-11-16 22:08:02 INFO  root:26 - [ HDFS-INGESTION ] : Ingesting file file39 to /user/vihit/output
2019-11-16 22:08:02 INFO  root:26 - [ HDFS-INGESTION ] : Archiving file file41 to /home/vihit/Desktop/IngestionITTests/archive
2019-11-16 22:08:02 INFO  root:26 - [ HDFS-INGESTION ] : Ingesting file file42 to /user/vihit/output
2019-11-16 22:08:03 INFO  root:26 - [ HDFS-INGESTION ] : Archiving file file42 to /home/vihit/Desktop/IngestionITTests/archive
2019-11-16 22:08:03 INFO  root:26 - [ HDFS-INGESTION ] : Ingesting file file43 to /user/vihit/output
2019-11-16 22:08:03 INFO  root:26 - [ HDFS-INGESTION ] : Archiving file file43 to /home/vihit/Desktop/IngestionITTests/archive
2019-11-16 22:08:03 INFO  root:26 - [ HDFS-INGESTION ] : Ingesting file file44 to /user/vihit/output
2019-11-16 22:08:03 INFO  root:26 - [ HDFS-INGESTION ] : Archiving file file39 to /home/vihit/Desktop/IngestionITTests/archive
2019-11-16 22:08:03 INFO  root:26 - [ HDFS-INGESTION ] : Ingesting file file40 to /user/vihit/output
2019-11-16 22:08:03 INFO  root:26 - [ HDFS-INGESTION ] : Archiving file file44 to /home/vihit/Desktop/IngestionITTests/archive
2019-11-16 22:08:03 INFO  root:26 - [ HDFS-INGESTION ] : Ingesting file file45 to /user/vihit/output
2019-11-16 22:08:03 INFO  root:26 - [ HDFS-INGESTION ] : Archiving file file40 to /home/vihit/Desktop/IngestionITTests/archive
2019-11-16 22:08:03 INFO  root:26 - [ HDFS-INGESTION ] : Ingesting file file51 to /user/vihit/output
2019-11-16 22:08:03 INFO  root:26 - [ HDFS-INGESTION ] : Archiving file file51 to /home/vihit/Desktop/IngestionITTests/archive
2019-11-16 22:08:03 INFO  root:26 - [ HDFS-INGESTION ] : Ingesting file file52 to /user/vihit/output
2019-11-16 22:08:04 INFO  root:26 - [ HDFS-INGESTION ] : Archiving file file52 to /home/vihit/Desktop/IngestionITTests/archive
2019-11-16 22:08:04 INFO  root:26 - [ HDFS-INGESTION ] : Ingesting file file53 to /user/vihit/output
2019-11-16 22:08:04 INFO  root:26 - [ HDFS-INGESTION ] : Archiving file file45 to /home/vihit/Desktop/IngestionITTests/archive
2019-11-16 22:08:04 INFO  root:26 - [ HDFS-INGESTION ] : Ingesting file file46 to /user/vihit/output
2019-11-16 22:08:04 INFO  root:26 - [ HDFS-INGESTION ] : Archiving file file53 to /home/vihit/Desktop/IngestionITTests/archive
2019-11-16 22:08:04 INFO  root:26 - [ HDFS-INGESTION ] : Ingesting file file54 to /user/vihit/output
2019-11-16 22:08:04 INFO  root:26 - [ HDFS-INGESTION ] : Archiving file file46 to /home/vihit/Desktop/IngestionITTests/archive
2019-11-16 22:08:04 INFO  root:26 - [ HDFS-INGESTION ] : Archiving file file54 to /home/vihit/Desktop/IngestionITTests/archive
2019-11-16 22:08:04 INFO  root:26 - [ HDFS-INGESTION ] : Ingesting file file47 to /user/vihit/output
2019-11-16 22:08:04 INFO  root:26 - [ HDFS-INGESTION ] : Ingesting file file55 to /user/vihit/output
2019-11-16 22:08:04 INFO  root:26 - [ HDFS-INGESTION ] : Archiving file file47 to /home/vihit/Desktop/IngestionITTests/archive
2019-11-16 22:08:04 INFO  root:26 - [ HDFS-INGESTION ] : Ingesting file file48 to /user/vihit/output
2019-11-16 22:08:04 INFO  root:26 - [ HDFS-INGESTION ] : Archiving file file55 to /home/vihit/Desktop/IngestionITTests/archive
2019-11-16 22:08:05 INFO  root:26 - [ HDFS-INGESTION ] : Ingesting file file56 to /user/vihit/output
2019-11-16 22:08:05 INFO  root:26 - [ HDFS-INGESTION ] : Archiving file file56 to /home/vihit/Desktop/IngestionITTests/archive
2019-11-16 22:08:05 INFO  root:26 - [ HDFS-INGESTION ] : Ingesting file file57 to /user/vihit/output
2019-11-16 22:08:05 INFO  root:26 - [ HDFS-INGESTION ] : Archiving file file48 to /home/vihit/Desktop/IngestionITTests/archive
2019-11-16 22:08:05 INFO  root:26 - [ HDFS-INGESTION ] : Ingesting file file49 to /user/vihit/output
2019-11-16 22:08:05 INFO  root:26 - [ HDFS-INGESTION ] : Archiving file file49 to /home/vihit/Desktop/IngestionITTests/archive
2019-11-16 22:08:05 INFO  root:26 - [ HDFS-INGESTION ] : Ingesting file file50 to /user/vihit/output
2019-11-16 22:08:05 INFO  root:26 - [ HDFS-INGESTION ] : Archiving file file57 to /home/vihit/Desktop/IngestionITTests/archive
2019-11-16 22:08:05 INFO  root:26 - [ HDFS-INGESTION ] : Ingesting file file58 to /user/vihit/output
2019-11-16 22:08:06 INFO  root:26 - [ HDFS-INGESTION ] : Archiving file file50 to /home/vihit/Desktop/IngestionITTests/archive
2019-11-16 22:08:06 INFO  root:26 - [ HDFS-INGESTION ] : Ingesting file file61 to /user/vihit/output
2019-11-16 22:08:06 INFO  root:26 - [ HDFS-INGESTION ] : Archiving file file61 to /home/vihit/Desktop/IngestionITTests/archive
2019-11-16 22:08:06 INFO  root:26 - [ HDFS-INGESTION ] : Archiving file file58 to /home/vihit/Desktop/IngestionITTests/archive
2019-11-16 22:08:06 INFO  root:26 - [ HDFS-INGESTION ] : Ingesting file file62 to /user/vihit/output
2019-11-16 22:08:06 INFO  root:26 - [ HDFS-INGESTION ] : Ingesting file file59 to /user/vihit/output
2019-11-16 22:08:06 INFO  root:26 - [ HDFS-INGESTION ] : Archiving file file62 to /home/vihit/Desktop/IngestionITTests/archive
2019-11-16 22:08:06 INFO  root:26 - [ HDFS-INGESTION ] : Archiving file file59 to /home/vihit/Desktop/IngestionITTests/archive
2019-11-16 22:08:06 INFO  root:26 - [ HDFS-INGESTION ] : Ingesting file file63 to /user/vihit/output
2019-11-16 22:08:06 INFO  root:26 - [ HDFS-INGESTION ] : Ingesting file file60 to /user/vihit/output
2019-11-16 22:08:06 INFO  root:26 - [ HDFS-INGESTION ] : Archiving file file60 to /home/vihit/Desktop/IngestionITTests/archive
2019-11-16 22:08:06 INFO  root:26 - [ HDFS-INGESTION ] : Ingesting file file71 to /user/vihit/output
2019-11-16 22:08:06 INFO  root:26 - [ HDFS-INGESTION ] : Archiving file file63 to /home/vihit/Desktop/IngestionITTests/archive
2019-11-16 22:08:06 INFO  root:26 - [ HDFS-INGESTION ] : Ingesting file file64 to /user/vihit/output
2019-11-16 22:08:07 INFO  root:26 - [ HDFS-INGESTION ] : Archiving file file71 to /home/vihit/Desktop/IngestionITTests/archive
2019-11-16 22:08:07 INFO  root:26 - [ HDFS-INGESTION ] : Ingesting file file72 to /user/vihit/output
2019-11-16 22:08:07 INFO  root:26 - [ HDFS-INGESTION ] : Archiving file file64 to /home/vihit/Desktop/IngestionITTests/archive
2019-11-16 22:08:07 INFO  root:26 - [ HDFS-INGESTION ] : Ingesting file file65 to /user/vihit/output
2019-11-16 22:08:07 INFO  root:26 - [ HDFS-INGESTION ] : Archiving file file65 to /home/vihit/Desktop/IngestionITTests/archive
2019-11-16 22:08:07 INFO  root:26 - [ HDFS-INGESTION ] : Ingesting file file66 to /user/vihit/output
2019-11-16 22:08:07 INFO  root:26 - [ HDFS-INGESTION ] : Archiving file file72 to /home/vihit/Desktop/IngestionITTests/archive
2019-11-16 22:08:07 INFO  root:26 - [ HDFS-INGESTION ] : Ingesting file file73 to /user/vihit/output
2019-11-16 22:08:07 INFO  root:26 - [ HDFS-INGESTION ] : Archiving file file66 to /home/vihit/Desktop/IngestionITTests/archive
2019-11-16 22:08:07 INFO  root:26 - [ HDFS-INGESTION ] : Archiving file file73 to /home/vihit/Desktop/IngestionITTests/archive
2019-11-16 22:08:07 INFO  root:26 - [ HDFS-INGESTION ] : Ingesting file file67 to /user/vihit/output
2019-11-16 22:08:07 INFO  root:26 - [ HDFS-INGESTION ] : Ingesting file file74 to /user/vihit/output
2019-11-16 22:08:08 INFO  root:26 - [ HDFS-INGESTION ] : Archiving file file67 to /home/vihit/Desktop/IngestionITTests/archive
2019-11-16 22:08:08 INFO  root:26 - [ HDFS-INGESTION ] : Archiving file file74 to /home/vihit/Desktop/IngestionITTests/archive
2019-11-16 22:08:08 INFO  root:26 - [ HDFS-INGESTION ] : Ingesting file file68 to /user/vihit/output
2019-11-16 22:08:08 INFO  root:26 - [ HDFS-INGESTION ] : Ingesting file file75 to /user/vihit/output
2019-11-16 22:08:08 INFO  root:26 - [ HDFS-INGESTION ] : Archiving file file68 to /home/vihit/Desktop/IngestionITTests/archive
2019-11-16 22:08:08 INFO  root:26 - [ HDFS-INGESTION ] : Ingesting file file69 to /user/vihit/output
2019-11-16 22:08:08 INFO  root:26 - [ HDFS-INGESTION ] : Archiving file file75 to /home/vihit/Desktop/IngestionITTests/archive
2019-11-16 22:08:08 INFO  root:26 - [ HDFS-INGESTION ] : Ingesting file file76 to /user/vihit/output
2019-11-16 22:08:09 INFO  root:26 - [ HDFS-INGESTION ] : Archiving file file69 to /home/vihit/Desktop/IngestionITTests/archive
2019-11-16 22:08:09 INFO  root:26 - [ HDFS-INGESTION ] : Archiving file file76 to /home/vihit/Desktop/IngestionITTests/archive
2019-11-16 22:08:09 INFO  root:26 - [ HDFS-INGESTION ] : Ingesting file file70 to /user/vihit/output
2019-11-16 22:08:09 INFO  root:26 - [ HDFS-INGESTION ] : Ingesting file file77 to /user/vihit/output
2019-11-16 22:08:09 INFO  root:26 - [ HDFS-INGESTION ] : Archiving file file70 to /home/vihit/Desktop/IngestionITTests/archive
2019-11-16 22:08:09 INFO  root:26 - [ HDFS-INGESTION ] : Ingesting file file81 to /user/vihit/output
2019-11-16 22:08:09 INFO  root:26 - [ HDFS-INGESTION ] : Archiving file file77 to /home/vihit/Desktop/IngestionITTests/archive
2019-11-16 22:08:09 INFO  root:26 - [ HDFS-INGESTION ] : Ingesting file file78 to /user/vihit/output
2019-11-16 22:08:09 INFO  root:26 - [ HDFS-INGESTION ] : Archiving file file81 to /home/vihit/Desktop/IngestionITTests/archive
2019-11-16 22:08:09 INFO  root:26 - [ HDFS-INGESTION ] : Ingesting file file82 to /user/vihit/output
2019-11-16 22:08:09 INFO  root:26 - [ HDFS-INGESTION ] : Archiving file file78 to /home/vihit/Desktop/IngestionITTests/archive
2019-11-16 22:08:09 INFO  root:26 - [ HDFS-INGESTION ] : Ingesting file file79 to /user/vihit/output
2019-11-16 22:08:09 INFO  root:26 - [ HDFS-INGESTION ] : Archiving file file79 to /home/vihit/Desktop/IngestionITTests/archive
2019-11-16 22:08:09 INFO  root:26 - [ HDFS-INGESTION ] : Ingesting file file80 to /user/vihit/output
2019-11-16 22:08:09 INFO  root:26 - [ HDFS-INGESTION ] : Archiving file file80 to /home/vihit/Desktop/IngestionITTests/archive
2019-11-16 22:08:09 INFO  root:26 - [ HDFS-INGESTION ] : Ingesting file file91 to /user/vihit/output
2019-11-16 22:08:09 INFO  root:26 - [ HDFS-INGESTION ] : Archiving file file82 to /home/vihit/Desktop/IngestionITTests/archive
2019-11-16 22:08:09 INFO  root:26 - [ HDFS-INGESTION ] : Ingesting file file83 to /user/vihit/output
2019-11-16 22:08:10 INFO  root:26 - [ HDFS-INGESTION ] : Archiving file file83 to /home/vihit/Desktop/IngestionITTests/archive
2019-11-16 22:08:10 INFO  root:26 - [ HDFS-INGESTION ] : Ingesting file file84 to /user/vihit/output
2019-11-16 22:08:10 INFO  root:26 - [ HDFS-INGESTION ] : Archiving file file84 to /home/vihit/Desktop/IngestionITTests/archive
2019-11-16 22:08:10 INFO  root:26 - [ HDFS-INGESTION ] : Ingesting file file85 to /user/vihit/output
2019-11-16 22:08:10 INFO  root:26 - [ HDFS-INGESTION ] : Archiving file file85 to /home/vihit/Desktop/IngestionITTests/archive
2019-11-16 22:08:10 INFO  root:26 - [ HDFS-INGESTION ] : Archiving file file91 to /home/vihit/Desktop/IngestionITTests/archive
2019-11-16 22:08:10 INFO  root:26 - [ HDFS-INGESTION ] : Ingesting file file86 to /user/vihit/output
2019-11-16 22:08:10 INFO  root:26 - [ HDFS-INGESTION ] : Ingesting file file92 to /user/vihit/output
2019-11-16 22:08:10 INFO  root:26 - [ HDFS-INGESTION ] : Archiving file file92 to /home/vihit/Desktop/IngestionITTests/archive
2019-11-16 22:08:10 INFO  root:26 - [ HDFS-INGESTION ] : Ingesting file file93 to /user/vihit/output
2019-11-16 22:08:10 INFO  root:26 - [ HDFS-INGESTION ] : Archiving file file93 to /home/vihit/Desktop/IngestionITTests/archive
2019-11-16 22:08:10 INFO  root:26 - [ HDFS-INGESTION ] : Ingesting file file94 to /user/vihit/output
2019-11-16 22:08:10 INFO  root:26 - [ HDFS-INGESTION ] : Archiving file file86 to /home/vihit/Desktop/IngestionITTests/archive
2019-11-16 22:08:10 INFO  root:26 - [ HDFS-INGESTION ] : Ingesting file file87 to /user/vihit/output
2019-11-16 22:08:10 INFO  root:26 - [ HDFS-INGESTION ] : Archiving file file87 to /home/vihit/Desktop/IngestionITTests/archive
2019-11-16 22:08:10 INFO  root:26 - [ HDFS-INGESTION ] : Ingesting file file88 to /user/vihit/output
2019-11-16 22:08:11 INFO  root:26 - [ HDFS-INGESTION ] : Archiving file file88 to /home/vihit/Desktop/IngestionITTests/archive
2019-11-16 22:08:11 INFO  root:26 - [ HDFS-INGESTION ] : Ingesting file file89 to /user/vihit/output
2019-11-16 22:08:11 INFO  root:26 - [ HDFS-INGESTION ] : Archiving file file94 to /home/vihit/Desktop/IngestionITTests/archive
2019-11-16 22:08:11 INFO  root:26 - [ HDFS-INGESTION ] : Ingesting file file95 to /user/vihit/output
2019-11-16 22:08:11 INFO  root:26 - [ HDFS-INGESTION ] : Archiving file file89 to /home/vihit/Desktop/IngestionITTests/archive
2019-11-16 22:08:11 INFO  root:26 - [ HDFS-INGESTION ] : Ingesting file file90 to /user/vihit/output
2019-11-16 22:08:11 INFO  root:26 - [ HDFS-INGESTION ] : Archiving file file95 to /home/vihit/Desktop/IngestionITTests/archive
2019-11-16 22:08:11 INFO  root:26 - [ HDFS-INGESTION ] : Ingesting file file96 to /user/vihit/output
2019-11-16 22:08:11 INFO  root:26 - [ HDFS-INGESTION ] : Archiving file file96 to /home/vihit/Desktop/IngestionITTests/archive
2019-11-16 22:08:11 INFO  root:26 - [ HDFS-INGESTION ] : Ingesting file file97 to /user/vihit/output
2019-11-16 22:08:11 INFO  root:26 - [ HDFS-INGESTION ] : Archiving file file90 to /home/vihit/Desktop/IngestionITTests/archive
2019-11-16 22:08:11 INFO  root:26 - [ HDFS-INGESTION ] : Archiving file file97 to /home/vihit/Desktop/IngestionITTests/archive
2019-11-16 22:08:11 INFO  root:26 - [ HDFS-INGESTION ] : Ingesting file file98 to /user/vihit/output
2019-11-16 22:08:12 INFO  root:26 - [ HDFS-INGESTION ] : Archiving file file98 to /home/vihit/Desktop/IngestionITTests/archive
2019-11-16 22:08:12 INFO  root:26 - [ HDFS-INGESTION ] : Ingesting file file99 to /user/vihit/output
2019-11-16 22:08:12 INFO  root:26 - [ HDFS-INGESTION ] : Archiving file file99 to /home/vihit/Desktop/IngestionITTests/archive
2019-11-16 22:08:12 INFO  root:26 - [ HDFS-INGESTION ] : Ingesting file file100 to /user/vihit/output
2019-11-16 22:08:13 INFO  root:26 - [ HDFS-INGESTION ] : Archiving file file100 to /home/vihit/Desktop/IngestionITTests/archive
2019-11-16 22:09:58 INFO  root:26 - [ HDFS-INGESTION ] : Ingesting file file1 to /user/vihit/output
2019-11-16 22:09:58 INFO  root:26 - [ HDFS-INGESTION ] : Ingesting file file11 to /user/vihit/output
2019-11-16 22:09:58 INFO  root:26 - [ HDFS-INGESTION ] : Archiving file file1 to /home/vihit/Desktop/IngestionITTests/archive
2019-11-16 22:09:58 INFO  root:26 - [ HDFS-INGESTION ] : Archiving file file11 to /home/vihit/Desktop/IngestionITTests/archive
2019-11-16 22:09:58 INFO  root:26 - [ HDFS-INGESTION ] : Ingesting file file2 to /user/vihit/output
2019-11-16 22:09:58 INFO  root:26 - [ HDFS-INGESTION ] : Ingesting file file12 to /user/vihit/output
2019-11-16 22:09:58 INFO  root:26 - [ HDFS-INGESTION ] : Archiving file file2 to /home/vihit/Desktop/IngestionITTests/archive
2019-11-16 22:09:58 INFO  root:26 - [ HDFS-INGESTION ] : Ingesting file file3 to /user/vihit/output
2019-11-16 22:09:59 INFO  root:26 - [ HDFS-INGESTION ] : Archiving file file12 to /home/vihit/Desktop/IngestionITTests/archive
2019-11-16 22:09:59 INFO  root:26 - [ HDFS-INGESTION ] : Ingesting file file13 to /user/vihit/output
2019-11-16 22:09:59 INFO  root:26 - [ HDFS-INGESTION ] : Archiving file file3 to /home/vihit/Desktop/IngestionITTests/archive
2019-11-16 22:09:59 INFO  root:26 - [ HDFS-INGESTION ] : Ingesting file file4 to /user/vihit/output
2019-11-16 22:09:59 INFO  root:26 - [ HDFS-INGESTION ] : Archiving file file13 to /home/vihit/Desktop/IngestionITTests/archive
2019-11-16 22:09:59 INFO  root:26 - [ HDFS-INGESTION ] : Ingesting file file14 to /user/vihit/output
2019-11-16 22:09:59 INFO  root:26 - [ HDFS-INGESTION ] : Archiving file file14 to /home/vihit/Desktop/IngestionITTests/archive
2019-11-16 22:09:59 INFO  root:26 - [ HDFS-INGESTION ] : Ingesting file file15 to /user/vihit/output
2019-11-16 22:09:59 INFO  root:26 - [ HDFS-INGESTION ] : Archiving file file4 to /home/vihit/Desktop/IngestionITTests/archive
2019-11-16 22:09:59 INFO  root:26 - [ HDFS-INGESTION ] : Ingesting file file5 to /user/vihit/output
2019-11-16 22:09:59 INFO  root:26 - [ HDFS-INGESTION ] : Archiving file file15 to /home/vihit/Desktop/IngestionITTests/archive
2019-11-16 22:09:59 INFO  root:26 - [ HDFS-INGESTION ] : Ingesting file file16 to /user/vihit/output
2019-11-16 22:09:59 INFO  root:26 - [ HDFS-INGESTION ] : Archiving file file5 to /home/vihit/Desktop/IngestionITTests/archive
2019-11-16 22:09:59 INFO  root:26 - [ HDFS-INGESTION ] : Ingesting file file6 to /user/vihit/output
2019-11-16 22:09:59 INFO  root:26 - [ HDFS-INGESTION ] : Archiving file file16 to /home/vihit/Desktop/IngestionITTests/archive
2019-11-16 22:09:59 INFO  root:26 - [ HDFS-INGESTION ] : Ingesting file file17 to /user/vihit/output
2019-11-16 22:09:59 INFO  root:26 - [ HDFS-INGESTION ] : Archiving file file6 to /home/vihit/Desktop/IngestionITTests/archive
2019-11-16 22:09:59 INFO  root:26 - [ HDFS-INGESTION ] : Ingesting file file7 to /user/vihit/output
2019-11-16 22:10:00 INFO  root:26 - [ HDFS-INGESTION ] : Archiving file file7 to /home/vihit/Desktop/IngestionITTests/archive
2019-11-16 22:10:00 INFO  root:26 - [ HDFS-INGESTION ] : Ingesting file file8 to /user/vihit/output
2019-11-16 22:10:00 INFO  root:26 - [ HDFS-INGESTION ] : Archiving file file8 to /home/vihit/Desktop/IngestionITTests/archive
2019-11-16 22:10:00 INFO  root:26 - [ HDFS-INGESTION ] : Ingesting file file9 to /user/vihit/output
2019-11-16 22:10:00 INFO  root:26 - [ HDFS-INGESTION ] : Archiving file file9 to /home/vihit/Desktop/IngestionITTests/archive
2019-11-16 22:10:00 INFO  root:26 - [ HDFS-INGESTION ] : Ingesting file file10 to /user/vihit/output
2019-11-16 22:10:00 INFO  root:26 - [ HDFS-INGESTION ] : Archiving file file10 to /home/vihit/Desktop/IngestionITTests/archive
2019-11-16 22:10:00 INFO  root:26 - [ HDFS-INGESTION ] : Archiving file file17 to /home/vihit/Desktop/IngestionITTests/archive
2019-11-16 22:10:00 INFO  root:26 - [ HDFS-INGESTION ] : Ingesting file file18 to /user/vihit/output
2019-11-16 22:10:00 INFO  root:26 - [ HDFS-INGESTION ] : Archiving file file18 to /home/vihit/Desktop/IngestionITTests/archive
